# JRE version: OpenJDK Runtime Environment (11.0.2+9) (build 11.0.2+9)
# Java VM: OpenJDK 64-Bit Server VM (11.0.2+9, mixed mode, tiered, compressed oops, g1 gc, windows-amd64)
Heap:
 garbage-first heap   total 129024K, used 79866K [0x00000000e0000000, 0x0000000100000000)
  region size 1024K, 14 young (14336K), 3 survivors (3072K)
 Metaspace       used 163996K, capacity 174074K, committed 174252K, reserved 1193984K
  class space    used 24334K, capacity 29545K, committed 29568K, reserved 1048576K
GC Heap History (10 events):
Event: 53.459 GC heap before
{Heap before GC invocations=53 (full 0):
 garbage-first heap   total 129024K, used 109447K [0x00000000e0000000, 0x0000000100000000)
  region size 1024K, 42 young (43008K), 2 survivors (2048K)
 Metaspace       used 162871K, capacity 172760K, committed 172844K, reserved 1193984K
  class space    used 24215K, capacity 29417K, committed 29440K, reserved 1048576K
}
Event: 53.463 GC heap after
{Heap after GC invocations=54 (full 0):
 garbage-first heap   total 129024K, used 68684K [0x00000000e0000000, 0x0000000100000000)
  region size 1024K, 2 young (2048K), 2 survivors (2048K)
 Metaspace       used 162871K, capacity 172760K, committed 172844K, reserved 1193984K
  class space    used 24215K, capacity 29417K, committed 29440K, reserved 1048576K
}
Event: 54.028 GC heap before
{Heap before GC invocations=54 (full 0):
 garbage-first heap   total 129024K, used 109644K [0x00000000e0000000, 0x0000000100000000)
  region size 1024K, 42 young (43008K), 2 survivors (2048K)
 Metaspace       used 163059K, capacity 172974K, committed 173228K, reserved 1193984K
  class space    used 24255K, capacity 29452K, committed 29568K, reserved 1048576K
}
Event: 54.033 GC heap after
{Heap after GC invocations=55 (full 0):
 garbage-first heap   total 129024K, used 68765K [0x00000000e0000000, 0x0000000100000000)
  region size 1024K, 2 young (2048K), 2 survivors (2048K)
 Metaspace       used 163059K, capacity 172974K, committed 173228K, reserved 1193984K
  class space    used 24255K, capacity 29452K, committed 29568K, reserved 1048576K
}
Event: 54.543 GC heap before
{Heap before GC invocations=55 (full 0):
 garbage-first heap   total 129024K, used 109725K [0x00000000e0000000, 0x0000000100000000)
  region size 1024K, 43 young (44032K), 2 survivors (2048K)
 Metaspace       used 163059K, capacity 172974K, committed 173228K, reserved 1193984K
  class space    used 24255K, capacity 29452K, committed 29568K, reserved 1048576K
}
Event: 54.547 GC heap after
{Heap after GC invocations=56 (full 0):
 garbage-first heap   total 129024K, used 68909K [0x00000000e0000000, 0x0000000100000000)
  region size 1024K, 2 young (2048K), 2 survivors (2048K)
 Metaspace       used 163059K, capacity 172974K, committed 173228K, reserved 1193984K
  class space    used 24255K, capacity 29452K, committed 29568K, reserved 1048576K
}
Event: 55.096 GC heap before
{Heap before GC invocations=56 (full 0):
 garbage-first heap   total 129024K, used 109869K [0x00000000e0000000, 0x0000000100000000)
  region size 1024K, 43 young (44032K), 2 survivors (2048K)
 Metaspace       used 163102K, capacity 172978K, committed 173228K, reserved 1193984K
  class space    used 24255K, capacity 29452K, committed 29568K, reserved 1048576K
}
Event: 55.102 GC heap after
{Heap after GC invocations=57 (full 0):
 garbage-first heap   total 129024K, used 69059K [0x00000000e0000000, 0x0000000100000000)
  region size 1024K, 2 young (2048K), 2 survivors (2048K)
 Metaspace       used 163102K, capacity 172978K, committed 173228K, reserved 1193984K
  class space    used 24255K, capacity 29452K, committed 29568K, reserved 1048576K
}
Event: 191.861 GC heap before
{Heap before GC invocations=57 (full 0):
 garbage-first heap   total 129024K, used 110019K [0x00000000e0000000, 0x0000000100000000)
  region size 1024K, 43 young (44032K), 2 survivors (2048K)
 Metaspace       used 163858K, capacity 173882K, committed 173996K, reserved 1193984K
  class space    used 24326K, capacity 29532K, committed 29568K, reserved 1048576K
}
Event: 191.864 GC heap after
{Heap after GC invocations=58 (full 0):
 garbage-first heap   total 129024K, used 69626K [0x00000000e0000000, 0x0000000100000000)
  region size 1024K, 3 young (3072K), 3 survivors (3072K)
 Metaspace       used 163858K, capacity 173882K, committed 173996K, reserved 1193984K
  class space    used 24326K, capacity 29532K, committed 29568K, reserved 1048576K
}

